  Determining projects to restore...
  All projects are up-to-date for restore.
  Dalamud.NET.Sdk: root at C:\Users\yuril\AppData\Roaming\XIVLauncher\addon\Hooks\dev\
C:\projects\AstralSolver\AstralSolver\Jobs\Healer\AstrologianModule.cs(38,18): warning CS0414: The field 'AstrologianModule._openerStep' is assigned but its value is never used [C:\projects\AstralSolver\AstralSolver\AstralSolver.csproj]
C:\projects\AstralSolver\AstralSolver\Jobs\Healer\AstrologianModule.cs(37,18): warning CS0414: The field 'AstrologianModule._openerStarted' is assigned but its value is never used [C:\projects\AstralSolver\AstralSolver\AstralSolver.csproj]
  AstralSolver -> C:\projects\AstralSolver\AstralSolver\bin\Debug\AstralSolver.dll
C:\projects\AstralSolver\AstralSolver.Tests\Jobs\AstrologianModuleTests.cs(4,7): error CS0246: The type or namespace name 'NUnit' could not be found (are you missing a using directive or an assembly reference?) [C:\projects\AstralSolver\AstralSolver.Tests\AstralSolver.Tests.csproj]
C:\projects\AstralSolver\AstralSolver.Tests\Jobs\AstrologianModuleTests.cs(17,2): error CS0246: The type or namespace name 'TestFixtureAttribute' could not be found (are you missing a using directive or an assembly reference?) [C:\projects\AstralSolver\AstralSolver.Tests\AstralSolver.Tests.csproj]
C:\projects\AstralSolver\AstralSolver.Tests\Jobs\AstrologianModuleTests.cs(17,2): error CS0246: The type or namespace name 'TestFixture' could not be found (are you missing a using directive or an assembly reference?) [C:\projects\AstralSolver\AstralSolver.Tests\AstralSolver.Tests.csproj]
C:\projects\AstralSolver\AstralSolver.Tests\Jobs\AstrologianModuleTests.cs(23,6): error CS0246: The type or namespace name 'SetUpAttribute' could not be found (are you missing a using directive or an assembly reference?) [C:\projects\AstralSolver\AstralSolver.Tests\AstralSolver.Tests.csproj]
C:\projects\AstralSolver\AstralSolver.Tests\Jobs\AstrologianModuleTests.cs(23,6): error CS0246: The type or namespace name 'SetUp' could not be found (are you missing a using directive or an assembly reference?) [C:\projects\AstralSolver\AstralSolver.Tests\AstralSolver.Tests.csproj]
C:\projects\AstralSolver\AstralSolver.Tests\Jobs\AstrologianModuleTests.cs(35,6): error CS0246: The type or namespace name 'TestAttribute' could not be found (are you missing a using directive or an assembly reference?) [C:\projects\AstralSolver\AstralSolver.Tests\AstralSolver.Tests.csproj]
C:\projects\AstralSolver\AstralSolver.Tests\Jobs\AstrologianModuleTests.cs(35,6): error CS0246: The type or namespace name 'Test' could not be found (are you missing a using directive or an assembly reference?) [C:\projects\AstralSolver\AstralSolver.Tests\AstralSolver.Tests.csproj]
C:\projects\AstralSolver\AstralSolver.Tests\Jobs\AstrologianModuleTests.cs(52,6): error CS0246: The type or namespace name 'TestAttribute' could not be found (are you missing a using directive or an assembly reference?) [C:\projects\AstralSolver\AstralSolver.Tests\AstralSolver.Tests.csproj]
C:\projects\AstralSolver\AstralSolver.Tests\Jobs\AstrologianModuleTests.cs(52,6): error CS0246: The type or namespace name 'Test' could not be found (are you missing a using directive or an assembly reference?) [C:\projects\AstralSolver\AstralSolver.Tests\AstralSolver.Tests.csproj]
C:\projects\AstralSolver\AstralSolver.Tests\Jobs\AstrologianModuleTests.cs(69,6): error CS0246: The type or namespace name 'TestAttribute' could not be found (are you missing a using directive or an assembly reference?) [C:\projects\AstralSolver\AstralSolver.Tests\AstralSolver.Tests.csproj]
C:\projects\AstralSolver\AstralSolver.Tests\Jobs\AstrologianModuleTests.cs(69,6): error CS0246: The type or namespace name 'Test' could not be found (are you missing a using directive or an assembly reference?) [C:\projects\AstralSolver\AstralSolver.Tests\AstralSolver.Tests.csproj]
C:\projects\AstralSolver\AstralSolver.Tests\Jobs\AstrologianModuleTests.cs(86,6): error CS0246: The type or namespace name 'TestAttribute' could not be found (are you missing a using directive or an assembly reference?) [C:\projects\AstralSolver\AstralSolver.Tests\AstralSolver.Tests.csproj]
C:\projects\AstralSolver\AstralSolver.Tests\Jobs\AstrologianModuleTests.cs(86,6): error CS0246: The type or namespace name 'Test' could not be found (are you missing a using directive or an assembly reference?) [C:\projects\AstralSolver\AstralSolver.Tests\AstralSolver.Tests.csproj]
C:\projects\AstralSolver\AstralSolver.Tests\Jobs\AstrologianModuleTests.cs(113,6): error CS0246: The type or namespace name 'TestAttribute' could not be found (are you missing a using directive or an assembly reference?) [C:\projects\AstralSolver\AstralSolver.Tests\AstralSolver.Tests.csproj]
C:\projects\AstralSolver\AstralSolver.Tests\Jobs\AstrologianModuleTests.cs(113,6): error CS0246: The type or namespace name 'Test' could not be found (are you missing a using directive or an assembly reference?) [C:\projects\AstralSolver\AstralSolver.Tests\AstralSolver.Tests.csproj]
C:\projects\AstralSolver\AstralSolver.Tests\Jobs\AstrologianModuleTests.cs(139,6): error CS0246: The type or namespace name 'TestAttribute' could not be found (are you missing a using directive or an assembly reference?) [C:\projects\AstralSolver\AstralSolver.Tests\AstralSolver.Tests.csproj]
C:\projects\AstralSolver\AstralSolver.Tests\Jobs\AstrologianModuleTests.cs(139,6): error CS0246: The type or namespace name 'Test' could not be found (are you missing a using directive or an assembly reference?) [C:\projects\AstralSolver\AstralSolver.Tests\AstralSolver.Tests.csproj]
C:\projects\AstralSolver\AstralSolver.Tests\Jobs\AstrologianModuleTests.cs(166,6): error CS0246: The type or namespace name 'TestAttribute' could not be found (are you missing a using directive or an assembly reference?) [C:\projects\AstralSolver\AstralSolver.Tests\AstralSolver.Tests.csproj]
C:\projects\AstralSolver\AstralSolver.Tests\Jobs\AstrologianModuleTests.cs(166,6): error CS0246: The type or namespace name 'Test' could not be found (are you missing a using directive or an assembly reference?) [C:\projects\AstralSolver\AstralSolver.Tests\AstralSolver.Tests.csproj]
C:\projects\AstralSolver\AstralSolver.Tests\Jobs\AstrologianModuleTests.cs(194,6): error CS0246: The type or namespace name 'TestAttribute' could not be found (are you missing a using directive or an assembly reference?) [C:\projects\AstralSolver\AstralSolver.Tests\AstralSolver.Tests.csproj]
C:\projects\AstralSolver\AstralSolver.Tests\Jobs\AstrologianModuleTests.cs(194,6): error CS0246: The type or namespace name 'Test' could not be found (are you missing a using directive or an assembly reference?) [C:\projects\AstralSolver\AstralSolver.Tests\AstralSolver.Tests.csproj]
C:\projects\AstralSolver\AstralSolver.Tests\Jobs\AstrologianModuleTests.cs(220,6): error CS0246: The type or namespace name 'TestAttribute' could not be found (are you missing a using directive or an assembly reference?) [C:\projects\AstralSolver\AstralSolver.Tests\AstralSolver.Tests.csproj]
C:\projects\AstralSolver\AstralSolver.Tests\Jobs\AstrologianModuleTests.cs(220,6): error CS0246: The type or namespace name 'Test' could not be found (are you missing a using directive or an assembly reference?) [C:\projects\AstralSolver\AstralSolver.Tests\AstralSolver.Tests.csproj]
C:\projects\AstralSolver\AstralSolver.Tests\Jobs\AstrologianModuleTests.cs(252,6): error CS0246: The type or namespace name 'TestAttribute' could not be found (are you missing a using directive or an assembly reference?) [C:\projects\AstralSolver\AstralSolver.Tests\AstralSolver.Tests.csproj]
C:\projects\AstralSolver\AstralSolver.Tests\Jobs\AstrologianModuleTests.cs(252,6): error CS0246: The type or namespace name 'Test' could not be found (are you missing a using directive or an assembly reference?) [C:\projects\AstralSolver\AstralSolver.Tests\AstralSolver.Tests.csproj]
C:\projects\AstralSolver\AstralSolver.Tests\Jobs\AstrologianModuleTests.cs(278,6): error CS0246: The type or namespace name 'TestAttribute' could not be found (are you missing a using directive or an assembly reference?) [C:\projects\AstralSolver\AstralSolver.Tests\AstralSolver.Tests.csproj]
C:\projects\AstralSolver\AstralSolver.Tests\Jobs\AstrologianModuleTests.cs(278,6): error CS0246: The type or namespace name 'Test' could not be found (are you missing a using directive or an assembly reference?) [C:\projects\AstralSolver\AstralSolver.Tests\AstralSolver.Tests.csproj]
C:\projects\AstralSolver\AstralSolver.Tests\Jobs\AstrologianModuleTests.cs(304,6): error CS0246: The type or namespace name 'TestAttribute' could not be found (are you missing a using directive or an assembly reference?) [C:\projects\AstralSolver\AstralSolver.Tests\AstralSolver.Tests.csproj]
C:\projects\AstralSolver\AstralSolver.Tests\Jobs\AstrologianModuleTests.cs(304,6): error CS0246: The type or namespace name 'Test' could not be found (are you missing a using directive or an assembly reference?) [C:\projects\AstralSolver\AstralSolver.Tests\AstralSolver.Tests.csproj]
C:\projects\AstralSolver\AstralSolver.Tests\Jobs\AstrologianModuleTests.cs(324,6): error CS0246: The type or namespace name 'TestAttribute' could not be found (are you missing a using directive or an assembly reference?) [C:\projects\AstralSolver\AstralSolver.Tests\AstralSolver.Tests.csproj]
C:\projects\AstralSolver\AstralSolver.Tests\Jobs\AstrologianModuleTests.cs(324,6): error CS0246: The type or namespace name 'Test' could not be found (are you missing a using directive or an assembly reference?) [C:\projects\AstralSolver\AstralSolver.Tests\AstralSolver.Tests.csproj]
C:\projects\AstralSolver\AstralSolver.Tests\Jobs\AstrologianModuleTests.cs(349,6): error CS0246: The type or namespace name 'TestAttribute' could not be found (are you missing a using directive or an assembly reference?) [C:\projects\AstralSolver\AstralSolver.Tests\AstralSolver.Tests.csproj]
C:\projects\AstralSolver\AstralSolver.Tests\Jobs\AstrologianModuleTests.cs(349,6): error CS0246: The type or namespace name 'Test' could not be found (are you missing a using directive or an assembly reference?) [C:\projects\AstralSolver\AstralSolver.Tests\AstralSolver.Tests.csproj]
C:\projects\AstralSolver\AstralSolver.Tests\Jobs\AstrologianModuleTests.cs(379,6): error CS0246: The type or namespace name 'TestAttribute' could not be found (are you missing a using directive or an assembly reference?) [C:\projects\AstralSolver\AstralSolver.Tests\AstralSolver.Tests.csproj]
C:\projects\AstralSolver\AstralSolver.Tests\Jobs\AstrologianModuleTests.cs(379,6): error CS0246: The type or namespace name 'Test' could not be found (are you missing a using directive or an assembly reference?) [C:\projects\AstralSolver\AstralSolver.Tests\AstralSolver.Tests.csproj]
C:\projects\AstralSolver\AstralSolver.Tests\Jobs\AstrologianModuleTests.cs(401,6): error CS0246: The type or namespace name 'TestAttribute' could not be found (are you missing a using directive or an assembly reference?) [C:\projects\AstralSolver\AstralSolver.Tests\AstralSolver.Tests.csproj]
C:\projects\AstralSolver\AstralSolver.Tests\Jobs\AstrologianModuleTests.cs(401,6): error CS0246: The type or namespace name 'Test' could not be found (are you missing a using directive or an assembly reference?) [C:\projects\AstralSolver\AstralSolver.Tests\AstralSolver.Tests.csproj]
C:\projects\AstralSolver\AstralSolver.Tests\Jobs\AstrologianModuleTests.cs(422,6): error CS0246: The type or namespace name 'TestAttribute' could not be found (are you missing a using directive or an assembly reference?) [C:\projects\AstralSolver\AstralSolver.Tests\AstralSolver.Tests.csproj]
C:\projects\AstralSolver\AstralSolver.Tests\Jobs\AstrologianModuleTests.cs(422,6): error CS0246: The type or namespace name 'Test' could not be found (are you missing a using directive or an assembly reference?) [C:\projects\AstralSolver\AstralSolver.Tests\AstralSolver.Tests.csproj]
C:\projects\AstralSolver\AstralSolver.Tests\Jobs\AstrologianModuleTests.cs(437,6): error CS0246: The type or namespace name 'TestAttribute' could not be found (are you missing a using directive or an assembly reference?) [C:\projects\AstralSolver\AstralSolver.Tests\AstralSolver.Tests.csproj]
C:\projects\AstralSolver\AstralSolver.Tests\Jobs\AstrologianModuleTests.cs(437,6): error CS0246: The type or namespace name 'Test' could not be found (are you missing a using directive or an assembly reference?) [C:\projects\AstralSolver\AstralSolver.Tests\AstralSolver.Tests.csproj]
C:\projects\AstralSolver\AstralSolver.Tests\Jobs\AstrologianModuleTests.cs(452,6): error CS0246: The type or namespace name 'TestAttribute' could not be found (are you missing a using directive or an assembly reference?) [C:\projects\AstralSolver\AstralSolver.Tests\AstralSolver.Tests.csproj]
C:\projects\AstralSolver\AstralSolver.Tests\Jobs\AstrologianModuleTests.cs(452,6): error CS0246: The type or namespace name 'Test' could not be found (are you missing a using directive or an assembly reference?) [C:\projects\AstralSolver\AstralSolver.Tests\AstralSolver.Tests.csproj]

Build FAILED.

C:\projects\AstralSolver\AstralSolver\Jobs\Healer\AstrologianModule.cs(38,18): warning CS0414: The field 'AstrologianModule._openerStep' is assigned but its value is never used [C:\projects\AstralSolver\AstralSolver\AstralSolver.csproj]
C:\projects\AstralSolver\AstralSolver\Jobs\Healer\AstrologianModule.cs(37,18): warning CS0414: The field 'AstrologianModule._openerStarted' is assigned but its value is never used [C:\projects\AstralSolver\AstralSolver\AstralSolver.csproj]
C:\projects\AstralSolver\AstralSolver.Tests\Jobs\AstrologianModuleTests.cs(4,7): error CS0246: The type or namespace name 'NUnit' could not be found (are you missing a using directive or an assembly reference?) [C:\projects\AstralSolver\AstralSolver.Tests\AstralSolver.Tests.csproj]
C:\projects\AstralSolver\AstralSolver.Tests\Jobs\AstrologianModuleTests.cs(17,2): error CS0246: The type or namespace name 'TestFixtureAttribute' could not be found (are you missing a using directive or an assembly reference?) [C:\projects\AstralSolver\AstralSolver.Tests\AstralSolver.Tests.csproj]
C:\projects\AstralSolver\AstralSolver.Tests\Jobs\AstrologianModuleTests.cs(17,2): error CS0246: The type or namespace name 'TestFixture' could not be found (are you missing a using directive or an assembly reference?) [C:\projects\AstralSolver\AstralSolver.Tests\AstralSolver.Tests.csproj]
C:\projects\AstralSolver\AstralSolver.Tests\Jobs\AstrologianModuleTests.cs(23,6): error CS0246: The type or namespace name 'SetUpAttribute' could not be found (are you missing a using directive or an assembly reference?) [C:\projects\AstralSolver\AstralSolver.Tests\AstralSolver.Tests.csproj]
C:\projects\AstralSolver\AstralSolver.Tests\Jobs\AstrologianModuleTests.cs(23,6): error CS0246: The type or namespace name 'SetUp' could not be found (are you missing a using directive or an assembly reference?) [C:\projects\AstralSolver\AstralSolver.Tests\AstralSolver.Tests.csproj]
C:\projects\AstralSolver\AstralSolver.Tests\Jobs\AstrologianModuleTests.cs(35,6): error CS0246: The type or namespace name 'TestAttribute' could not be found (are you missing a using directive or an assembly reference?) [C:\projects\AstralSolver\AstralSolver.Tests\AstralSolver.Tests.csproj]
C:\projects\AstralSolver\AstralSolver.Tests\Jobs\AstrologianModuleTests.cs(35,6): error CS0246: The type or namespace name 'Test' could not be found (are you missing a using directive or an assembly reference?) [C:\projects\AstralSolver\AstralSolver.Tests\AstralSolver.Tests.csproj]
C:\projects\AstralSolver\AstralSolver.Tests\Jobs\AstrologianModuleTests.cs(52,6): error CS0246: The type or namespace name 'TestAttribute' could not be found (are you missing a using directive or an assembly reference?) [C:\projects\AstralSolver\AstralSolver.Tests\AstralSolver.Tests.csproj]
C:\projects\AstralSolver\AstralSolver.Tests\Jobs\AstrologianModuleTests.cs(52,6): error CS0246: The type or namespace name 'Test' could not be found (are you missing a using directive or an assembly reference?) [C:\projects\AstralSolver\AstralSolver.Tests\AstralSolver.Tests.csproj]
C:\projects\AstralSolver\AstralSolver.Tests\Jobs\AstrologianModuleTests.cs(69,6): error CS0246: The type or namespace name 'TestAttribute' could not be found (are you missing a using directive or an assembly reference?) [C:\projects\AstralSolver\AstralSolver.Tests\AstralSolver.Tests.csproj]
C:\projects\AstralSolver\AstralSolver.Tests\Jobs\AstrologianModuleTests.cs(69,6): error CS0246: The type or namespace name 'Test' could not be found (are you missing a using directive or an assembly reference?) [C:\projects\AstralSolver\AstralSolver.Tests\AstralSolver.Tests.csproj]
C:\projects\AstralSolver\AstralSolver.Tests\Jobs\AstrologianModuleTests.cs(86,6): error CS0246: The type or namespace name 'TestAttribute' could not be found (are you missing a using directive or an assembly reference?) [C:\projects\AstralSolver\AstralSolver.Tests\AstralSolver.Tests.csproj]
C:\projects\AstralSolver\AstralSolver.Tests\Jobs\AstrologianModuleTests.cs(86,6): error CS0246: The type or namespace name 'Test' could not be found (are you missing a using directive or an assembly reference?) [C:\projects\AstralSolver\AstralSolver.Tests\AstralSolver.Tests.csproj]
C:\projects\AstralSolver\AstralSolver.Tests\Jobs\AstrologianModuleTests.cs(113,6): error CS0246: The type or namespace name 'TestAttribute' could not be found (are you missing a using directive or an assembly reference?) [C:\projects\AstralSolver\AstralSolver.Tests\AstralSolver.Tests.csproj]
C:\projects\AstralSolver\AstralSolver.Tests\Jobs\AstrologianModuleTests.cs(113,6): error CS0246: The type or namespace name 'Test' could not be found (are you missing a using directive or an assembly reference?) [C:\projects\AstralSolver\AstralSolver.Tests\AstralSolver.Tests.csproj]
C:\projects\AstralSolver\AstralSolver.Tests\Jobs\AstrologianModuleTests.cs(139,6): error CS0246: The type or namespace name 'TestAttribute' could not be found (are you missing a using directive or an assembly reference?) [C:\projects\AstralSolver\AstralSolver.Tests\AstralSolver.Tests.csproj]
C:\projects\AstralSolver\AstralSolver.Tests\Jobs\AstrologianModuleTests.cs(139,6): error CS0246: The type or namespace name 'Test' could not be found (are you missing a using directive or an assembly reference?) [C:\projects\AstralSolver\AstralSolver.Tests\AstralSolver.Tests.csproj]
C:\projects\AstralSolver\AstralSolver.Tests\Jobs\AstrologianModuleTests.cs(166,6): error CS0246: The type or namespace name 'TestAttribute' could not be found (are you missing a using directive or an assembly reference?) [C:\projects\AstralSolver\AstralSolver.Tests\AstralSolver.Tests.csproj]
C:\projects\AstralSolver\AstralSolver.Tests\Jobs\AstrologianModuleTests.cs(166,6): error CS0246: The type or namespace name 'Test' could not be found (are you missing a using directive or an assembly reference?) [C:\projects\AstralSolver\AstralSolver.Tests\AstralSolver.Tests.csproj]
C:\projects\AstralSolver\AstralSolver.Tests\Jobs\AstrologianModuleTests.cs(194,6): error CS0246: The type or namespace name 'TestAttribute' could not be found (are you missing a using directive or an assembly reference?) [C:\projects\AstralSolver\AstralSolver.Tests\AstralSolver.Tests.csproj]
C:\projects\AstralSolver\AstralSolver.Tests\Jobs\AstrologianModuleTests.cs(194,6): error CS0246: The type or namespace name 'Test' could not be found (are you missing a using directive or an assembly reference?) [C:\projects\AstralSolver\AstralSolver.Tests\AstralSolver.Tests.csproj]
C:\projects\AstralSolver\AstralSolver.Tests\Jobs\AstrologianModuleTests.cs(220,6): error CS0246: The type or namespace name 'TestAttribute' could not be found (are you missing a using directive or an assembly reference?) [C:\projects\AstralSolver\AstralSolver.Tests\AstralSolver.Tests.csproj]
C:\projects\AstralSolver\AstralSolver.Tests\Jobs\AstrologianModuleTests.cs(220,6): error CS0246: The type or namespace name 'Test' could not be found (are you missing a using directive or an assembly reference?) [C:\projects\AstralSolver\AstralSolver.Tests\AstralSolver.Tests.csproj]
C:\projects\AstralSolver\AstralSolver.Tests\Jobs\AstrologianModuleTests.cs(252,6): error CS0246: The type or namespace name 'TestAttribute' could not be found (are you missing a using directive or an assembly reference?) [C:\projects\AstralSolver\AstralSolver.Tests\AstralSolver.Tests.csproj]
C:\projects\AstralSolver\AstralSolver.Tests\Jobs\AstrologianModuleTests.cs(252,6): error CS0246: The type or namespace name 'Test' could not be found (are you missing a using directive or an assembly reference?) [C:\projects\AstralSolver\AstralSolver.Tests\AstralSolver.Tests.csproj]
C:\projects\AstralSolver\AstralSolver.Tests\Jobs\AstrologianModuleTests.cs(278,6): error CS0246: The type or namespace name 'TestAttribute' could not be found (are you missing a using directive or an assembly reference?) [C:\projects\AstralSolver\AstralSolver.Tests\AstralSolver.Tests.csproj]
C:\projects\AstralSolver\AstralSolver.Tests\Jobs\AstrologianModuleTests.cs(278,6): error CS0246: The type or namespace name 'Test' could not be found (are you missing a using directive or an assembly reference?) [C:\projects\AstralSolver\AstralSolver.Tests\AstralSolver.Tests.csproj]
C:\projects\AstralSolver\AstralSolver.Tests\Jobs\AstrologianModuleTests.cs(304,6): error CS0246: The type or namespace name 'TestAttribute' could not be found (are you missing a using directive or an assembly reference?) [C:\projects\AstralSolver\AstralSolver.Tests\AstralSolver.Tests.csproj]
C:\projects\AstralSolver\AstralSolver.Tests\Jobs\AstrologianModuleTests.cs(304,6): error CS0246: The type or namespace name 'Test' could not be found (are you missing a using directive or an assembly reference?) [C:\projects\AstralSolver\AstralSolver.Tests\AstralSolver.Tests.csproj]
C:\projects\AstralSolver\AstralSolver.Tests\Jobs\AstrologianModuleTests.cs(324,6): error CS0246: The type or namespace name 'TestAttribute' could not be found (are you missing a using directive or an assembly reference?) [C:\projects\AstralSolver\AstralSolver.Tests\AstralSolver.Tests.csproj]
C:\projects\AstralSolver\AstralSolver.Tests\Jobs\AstrologianModuleTests.cs(324,6): error CS0246: The type or namespace name 'Test' could not be found (are you missing a using directive or an assembly reference?) [C:\projects\AstralSolver\AstralSolver.Tests\AstralSolver.Tests.csproj]
C:\projects\AstralSolver\AstralSolver.Tests\Jobs\AstrologianModuleTests.cs(349,6): error CS0246: The type or namespace name 'TestAttribute' could not be found (are you missing a using directive or an assembly reference?) [C:\projects\AstralSolver\AstralSolver.Tests\AstralSolver.Tests.csproj]
C:\projects\AstralSolver\AstralSolver.Tests\Jobs\AstrologianModuleTests.cs(349,6): error CS0246: The type or namespace name 'Test' could not be found (are you missing a using directive or an assembly reference?) [C:\projects\AstralSolver\AstralSolver.Tests\AstralSolver.Tests.csproj]
C:\projects\AstralSolver\AstralSolver.Tests\Jobs\AstrologianModuleTests.cs(379,6): error CS0246: The type or namespace name 'TestAttribute' could not be found (are you missing a using directive or an assembly reference?) [C:\projects\AstralSolver\AstralSolver.Tests\AstralSolver.Tests.csproj]
C:\projects\AstralSolver\AstralSolver.Tests\Jobs\AstrologianModuleTests.cs(379,6): error CS0246: The type or namespace name 'Test' could not be found (are you missing a using directive or an assembly reference?) [C:\projects\AstralSolver\AstralSolver.Tests\AstralSolver.Tests.csproj]
C:\projects\AstralSolver\AstralSolver.Tests\Jobs\AstrologianModuleTests.cs(401,6): error CS0246: The type or namespace name 'TestAttribute' could not be found (are you missing a using directive or an assembly reference?) [C:\projects\AstralSolver\AstralSolver.Tests\AstralSolver.Tests.csproj]
C:\projects\AstralSolver\AstralSolver.Tests\Jobs\AstrologianModuleTests.cs(401,6): error CS0246: The type or namespace name 'Test' could not be found (are you missing a using directive or an assembly reference?) [C:\projects\AstralSolver\AstralSolver.Tests\AstralSolver.Tests.csproj]
C:\projects\AstralSolver\AstralSolver.Tests\Jobs\AstrologianModuleTests.cs(422,6): error CS0246: The type or namespace name 'TestAttribute' could not be found (are you missing a using directive or an assembly reference?) [C:\projects\AstralSolver\AstralSolver.Tests\AstralSolver.Tests.csproj]
C:\projects\AstralSolver\AstralSolver.Tests\Jobs\AstrologianModuleTests.cs(422,6): error CS0246: The type or namespace name 'Test' could not be found (are you missing a using directive or an assembly reference?) [C:\projects\AstralSolver\AstralSolver.Tests\AstralSolver.Tests.csproj]
C:\projects\AstralSolver\AstralSolver.Tests\Jobs\AstrologianModuleTests.cs(437,6): error CS0246: The type or namespace name 'TestAttribute' could not be found (are you missing a using directive or an assembly reference?) [C:\projects\AstralSolver\AstralSolver.Tests\AstralSolver.Tests.csproj]
C:\projects\AstralSolver\AstralSolver.Tests\Jobs\AstrologianModuleTests.cs(437,6): error CS0246: The type or namespace name 'Test' could not be found (are you missing a using directive or an assembly reference?) [C:\projects\AstralSolver\AstralSolver.Tests\AstralSolver.Tests.csproj]
C:\projects\AstralSolver\AstralSolver.Tests\Jobs\AstrologianModuleTests.cs(452,6): error CS0246: The type or namespace name 'TestAttribute' could not be found (are you missing a using directive or an assembly reference?) [C:\projects\AstralSolver\AstralSolver.Tests\AstralSolver.Tests.csproj]
C:\projects\AstralSolver\AstralSolver.Tests\Jobs\AstrologianModuleTests.cs(452,6): error CS0246: The type or namespace name 'Test' could not be found (are you missing a using directive or an assembly reference?) [C:\projects\AstralSolver\AstralSolver.Tests\AstralSolver.Tests.csproj]
    2 Warning(s)
    43 Error(s)

Time Elapsed 00:00:02.50
