  Determining projects to restore...
  Restored C:\projects\AstralSolver\AstralSolver\AstralSolver.csproj (in 121 ms).
  Restored C:\projects\AstralSolver\AstralSolver.Tests\AstralSolver.Tests.csproj (in 137 ms).
  Dalamud.NET.Sdk: root at C:\Users\yuril\AppData\Roaming\XIVLauncher\addon\Hooks\dev\
C:\projects\AstralSolver\AstralSolver\Core\DecisionEngine.cs(60,42): warning CS0067: The event 'DecisionEngine.OnDecisionUpdated' is never used [C:\projects\AstralSolver\AstralSolver\AstralSolver.csproj]
  AstralSolver -> C:\projects\AstralSolver\AstralSolver\bin\Debug\AstralSolver.dll
C:\projects\AstralSolver\AstralSolver.Tests\TestHelpers\MockDalamudServices.cs(34,32): error CS0246: The type or namespace name 'IPlayerCharacter' could not be found (are you missing a using directive or an assembly reference?) [C:\projects\AstralSolver\AstralSolver.Tests\AstralSolver.Tests.csproj]

Build FAILED.

C:\projects\AstralSolver\AstralSolver\Core\DecisionEngine.cs(60,42): warning CS0067: The event 'DecisionEngine.OnDecisionUpdated' is never used [C:\projects\AstralSolver\AstralSolver\AstralSolver.csproj]
C:\projects\AstralSolver\AstralSolver.Tests\TestHelpers\MockDalamudServices.cs(34,32): error CS0246: The type or namespace name 'IPlayerCharacter' could not be found (are you missing a using directive or an assembly reference?) [C:\projects\AstralSolver\AstralSolver.Tests\AstralSolver.Tests.csproj]
    1 Warning(s)
    1 Error(s)

Time Elapsed 00:00:03.90
